

Started GET "/" for 10.0.2.2 at 2011-04-06 21:46:19 -0700

ActiveRecord::StatementInvalid (Could not find table 'sessions'):
  

Rendered /home/cs473/.gem/ruby/1.9.1/gems/actionpack-3.0.3/lib/action_dispatch/middleware/templates/rescues/_trace.erb (2.9ms)
Rendered /home/cs473/.gem/ruby/1.9.1/gems/actionpack-3.0.3/lib/action_dispatch/middleware/templates/rescues/_request_and_response.erb (70.9ms)
Rendered /home/cs473/.gem/ruby/1.9.1/gems/actionpack-3.0.3/lib/action_dispatch/middleware/templates/rescues/diagnostics.erb within rescues/layout (90.4ms)
  [1m[36mSQL (3.4ms)[0m  [1m SELECT name
 FROM sqlite_master
 WHERE type = 'table' AND NOT name = 'sqlite_sequence'
[0m
  [1m[35mSQL (0.5ms)[0m  select sqlite_version(*)
  [1m[36mSQL (66.1ms)[0m  [1mCREATE TABLE "schema_migrations" ("version" varchar(255) NOT NULL) [0m
  [1m[35mSQL (0.1ms)[0m  PRAGMA index_list("schema_migrations")
  [1m[36mSQL (14.5ms)[0m  [1mCREATE UNIQUE INDEX "unique_schema_migrations" ON "schema_migrations" ("version")[0m
  [1m[35mSQL (0.2ms)[0m   SELECT name
 FROM sqlite_master
 WHERE type = 'table' AND NOT name = 'sqlite_sequence'
  [1m[36mSQL (0.2ms)[0m  [1m SELECT name
 FROM sqlite_master
 WHERE type = 'table' AND NOT name = 'sqlite_sequence'
[0m
  [1m[35mSQL (0.2ms)[0m  SELECT "schema_migrations"."version" FROM "schema_migrations"
Migrating to CreateSeatings (20110402154022)
  [1m[36mSQL (2.5ms)[0m  [1mCREATE TABLE "seatings" ("id" INTEGER PRIMARY KEY AUTOINCREMENT NOT NULL, "created_at" datetime, "updated_at" datetime) [0m
  [1m[35mSQL (0.0ms)[0m  INSERT INTO "schema_migrations" ("version") VALUES ('20110402154022')
Migrating to CreateLogins (20110402212931)
  [1m[36mSQL (0.4ms)[0m  [1mCREATE TABLE "logins" ("id" INTEGER PRIMARY KEY AUTOINCREMENT NOT NULL, "created_at" datetime, "updated_at" datetime) [0m
  [1m[35mSQL (0.2ms)[0m  INSERT INTO "schema_migrations" ("version") VALUES ('20110402212931')
Migrating to CreateLoginseatings (20110402213247)
  [1m[36mSQL (0.7ms)[0m  [1mCREATE TABLE "loginseatings" ("id" INTEGER PRIMARY KEY AUTOINCREMENT NOT NULL, "row" integer, "column" integer, "studentfirst" varchar(255), "studentlast" varchar(255), "created_at" datetime, "updated_at" datetime) [0m
  [1m[35mSQL (0.7ms)[0m  INSERT INTO "schema_migrations" ("version") VALUES ('20110402213247')
Migrating to CreateUsers (20110403015436)
  [1m[36mSQL (0.7ms)[0m  [1mCREATE TABLE "users" ("id" INTEGER PRIMARY KEY AUTOINCREMENT NOT NULL, "username" varchar(255), "firstname" varchar(255), "lastname" varchar(255), "password" varchar(255), "created_at" datetime, "updated_at" datetime) [0m
  [1m[35mSQL (0.2ms)[0m  INSERT INTO "schema_migrations" ("version") VALUES ('20110403015436')
Migrating to AddSessionsTable (20110403142856)
  [1m[36mSQL (0.6ms)[0m  [1mCREATE TABLE "sessions" ("id" INTEGER PRIMARY KEY AUTOINCREMENT NOT NULL, "session_id" varchar(255) NOT NULL, "data" text, "created_at" datetime, "updated_at" datetime) [0m
  [1m[35mSQL (0.1ms)[0m  PRAGMA index_list("sessions")
  [1m[36mSQL (0.0ms)[0m  [1mCREATE INDEX "index_sessions_on_session_id" ON "sessions" ("session_id")[0m
  [1m[35mSQL (0.2ms)[0m  PRAGMA index_list("sessions")
  [1m[36mSQL (0.1ms)[0m  [1mPRAGMA index_info('index_sessions_on_session_id')[0m
  [1m[35mSQL (0.3ms)[0m  CREATE INDEX "index_sessions_on_updated_at" ON "sessions" ("updated_at")
  [1m[36mSQL (0.2ms)[0m  [1mINSERT INTO "schema_migrations" ("version") VALUES ('20110403142856')[0m
Migrating to RenamePasswordToHashedPassword (20110403225746)
  [1m[35mSQL (26.9ms)[0m  CREATE TEMPORARY TABLE "altered_users" ("id" INTEGER PRIMARY KEY AUTOINCREMENT NOT NULL, "username" varchar(255), "firstname" varchar(255), "lastname" varchar(255), "hashed_password" varchar(255), "created_at" datetime, "updated_at" datetime) 
  [1m[36mSQL (0.1ms)[0m  [1mPRAGMA index_list("users")[0m
  [1m[35mSQL (0.1ms)[0m  DROP TABLE "users"
  [1m[36mSQL (0.4ms)[0m  [1mCREATE TABLE "users" ("id" INTEGER PRIMARY KEY AUTOINCREMENT NOT NULL, "username" varchar(255), "firstname" varchar(255), "lastname" varchar(255), "hashed_password" varchar(255), "created_at" datetime, "updated_at" datetime) [0m
  [1m[35mSQL (0.1ms)[0m  PRAGMA index_list("altered_users")
  [1m[36mSQL (0.3ms)[0m  [1mDROP TABLE "altered_users"[0m
  [1m[35mSQL (0.6ms)[0m  INSERT INTO "schema_migrations" ("version") VALUES ('20110403225746')
  [1m[36mSQL (0.4ms)[0m  [1m SELECT name
 FROM sqlite_master
 WHERE type = 'table' AND NOT name = 'sqlite_sequence'
[0m
  [1m[35mSQL (0.2ms)[0m  SELECT "schema_migrations"."version" FROM "schema_migrations"
  [1m[36mSQL (0.3ms)[0m  [1m SELECT name
 FROM sqlite_master
 WHERE type = 'table' AND NOT name = 'sqlite_sequence'
[0m
  [1m[35mSQL (0.1ms)[0m  PRAGMA index_list("logins")
  [1m[36mSQL (0.1ms)[0m  [1mPRAGMA index_list("loginseatings")[0m
  [1m[35mSQL (0.1ms)[0m  PRAGMA index_list("seatings")
  [1m[36mSQL (0.3ms)[0m  [1mPRAGMA index_list("sessions")[0m
  [1m[35mSQL (0.1ms)[0m  PRAGMA index_info('index_sessions_on_updated_at')
  [1m[36mSQL (0.2ms)[0m  [1mPRAGMA index_info('index_sessions_on_session_id')[0m
  [1m[35mSQL (0.2ms)[0m  PRAGMA index_list("users")


Started GET "/" for 10.0.2.2 at 2011-04-06 21:48:02 -0700
  Processing by SeatingsController#index as HTML
Rendered seatings/index.html.erb within layouts/application (6.9ms)
Completed 200 OK in 16ms (Views: 14.6ms | ActiveRecord: 1.0ms)


Started GET "/login" for 10.0.2.2 at 2011-04-06 21:48:19 -0700
  Processing by SessionsController#new as HTML
Rendered sessions/new.html.erb within layouts/application (22.2ms)
Completed 200 OK in 30ms (Views: 29.5ms | ActiveRecord: 2.0ms)
